# JRE version: OpenJDK Runtime Environment (8.0_242-b01) (build 1.8.0_242-release-1644-b01)
# Java VM: OpenJDK 64-Bit Server VM (25.242-b01 mixed mode windows-amd64 compressed oops)
Heap:
 PSYoungGen      total 370176K, used 153439K [0x00000000e0000000, 0x00000000fd180000, 0x0000000100000000)
  eden space 310272K, 31% used [0x00000000e0000000,0x00000000e606e040,0x00000000f2f00000)
  from space 59904K, 91% used [0x00000000f2f00000,0x00000000f6469e58,0x00000000f6980000)
  to   space 66560K, 0% used [0x00000000f9080000,0x00000000f9080000,0x00000000fd180000)
 ParOldGen       total 364544K, used 83765K [0x00000000a0000000, 0x00000000b6400000, 0x00000000e0000000)
  object space 364544K, 22% used [0x00000000a0000000,0x00000000a51cd520,0x00000000b6400000)
 Metaspace       used 115929K, capacity 121872K, committed 122024K, reserved 1155072K
  class space    used 14980K, capacity 16193K, committed 16296K, reserved 1048576K
GC Heap History (10 events):
Event: 57.417 GC heap before
{Heap before GC invocations=21 (full 4):
 PSYoungGen      total 301568K, used 261632K [0x00000000e0000000, 0x00000000f5180000, 0x0000000100000000)
  eden space 261632K, 100% used [0x00000000e0000000,0x00000000eff80000,0x00000000eff80000)
  from space 39936K, 0% used [0x00000000f2580000,0x00000000f2580000,0x00000000f4c80000)
  to   space 38912K, 0% used [0x00000000eff80000,0x00000000eff80000,0x00000000f2580000)
 ParOldGen       total 364544K, used 67265K [0x00000000a0000000, 0x00000000b6400000, 0x00000000e0000000)
  object space 364544K, 18% used [0x00000000a0000000,0x00000000a41b0650,0x00000000b6400000)
 Metaspace       used 104894K, capacity 109492K, committed 109736K, reserved 1144832K
  class space    used 13746K, capacity 14684K, committed 14760K, reserved 1048576K
Event: 57.437 GC heap after
Heap after GC invocations=21 (full 4):
 PSYoungGen      total 300544K, used 26854K [0x00000000e0000000, 0x00000000f6c80000, 0x0000000100000000)
  eden space 261632K, 0% used [0x00000000e0000000,0x00000000e0000000,0x00000000eff80000)
  from space 38912K, 69% used [0x00000000eff80000,0x00000000f19b9ad8,0x00000000f2580000)
  to   space 39936K, 0% used [0x00000000f4580000,0x00000000f4580000,0x00000000f6c80000)
 ParOldGen       total 364544K, used 67273K [0x00000000a0000000, 0x00000000b6400000, 0x00000000e0000000)
  object space 364544K, 18% used [0x00000000a0000000,0x00000000a41b2650,0x00000000b6400000)
 Metaspace       used 104894K, capacity 109492K, committed 109736K, reserved 1144832K
  class space    used 13746K, capacity 14684K, committed 14760K, reserved 1048576K
}
Event: 59.219 GC heap before
{Heap before GC invocations=22 (full 4):
 PSYoungGen      total 300544K, used 284385K [0x00000000e0000000, 0x00000000f6c80000, 0x0000000100000000)
  eden space 261632K, 98% used [0x00000000e0000000,0x00000000efb7ece0,0x00000000eff80000)
  from space 38912K, 69% used [0x00000000eff80000,0x00000000f19b9ad8,0x00000000f2580000)
  to   space 39936K, 0% used [0x00000000f4580000,0x00000000f4580000,0x00000000f6c80000)
 ParOldGen       total 364544K, used 67273K [0x00000000a0000000, 0x00000000b6400000, 0x00000000e0000000)
  object space 364544K, 18% used [0x00000000a0000000,0x00000000a41b2650,0x00000000b6400000)
 Metaspace       used 107717K, capacity 112706K, committed 112936K, reserved 1146880K
  class space    used 14082K, capacity 15093K, committed 15144K, reserved 1048576K
Event: 59.275 GC heap after
Heap after GC invocations=22 (full 4):
 PSYoungGen      total 321536K, used 39927K [0x00000000e0000000, 0x00000000f8b00000, 0x0000000100000000)
  eden space 281600K, 0% used [0x00000000e0000000,0x00000000e0000000,0x00000000f1300000)
  from space 39936K, 99% used [0x00000000f4580000,0x00000000f6c7dc28,0x00000000f6c80000)
  to   space 51712K, 0% used [0x00000000f1300000,0x00000000f1300000,0x00000000f4580000)
 ParOldGen       total 364544K, used 83741K [0x00000000a0000000, 0x00000000b6400000, 0x00000000e0000000)
  object space 364544K, 22% used [0x00000000a0000000,0x00000000a51c7520,0x00000000b6400000)
 Metaspace       used 107717K, capacity 112706K, committed 112936K, reserved 1146880K
  class space    used 14082K, capacity 15093K, committed 15144K, reserved 1048576K
}
Event: 624.779 GC heap before
{Heap before GC invocations=23 (full 4):
 PSYoungGen      total 321536K, used 321527K [0x00000000e0000000, 0x00000000f8b00000, 0x0000000100000000)
  eden space 281600K, 100% used [0x00000000e0000000,0x00000000f1300000,0x00000000f1300000)
  from space 39936K, 99% used [0x00000000f4580000,0x00000000f6c7dc28,0x00000000f6c80000)
  to   space 51712K, 0% used [0x00000000f1300000,0x00000000f1300000,0x00000000f4580000)
 ParOldGen       total 364544K, used 83741K [0x00000000a0000000, 0x00000000b6400000, 0x00000000e0000000)
  object space 364544K, 22% used [0x00000000a0000000,0x00000000a51c7520,0x00000000b6400000)
 Metaspace       used 109953K, capacity 115232K, committed 115368K, reserved 1148928K
  class space    used 14379K, capacity 15435K, committed 15528K, reserved 1048576K
Event: 624.890 GC heap after
Heap after GC invocations=23 (full 4):
 PSYoungGen      total 333312K, used 42154K [0x00000000e0000000, 0x00000000fa280000, 0x0000000100000000)
  eden space 281600K, 0% used [0x00000000e0000000,0x00000000e0000000,0x00000000f1300000)
  from space 51712K, 81% used [0x00000000f1300000,0x00000000f3c2a950,0x00000000f4580000)
  to   space 55808K, 0% used [0x00000000f6c00000,0x00000000f6c00000,0x00000000fa280000)
 ParOldGen       total 364544K, used 83749K [0x00000000a0000000, 0x00000000b6400000, 0x00000000e0000000)
  object space 364544K, 22% used [0x00000000a0000000,0x00000000a51c9520,0x00000000b6400000)
 Metaspace       used 109953K, capacity 115232K, committed 115368K, reserved 1148928K
  class space    used 14379K, capacity 15435K, committed 15528K, reserved 1048576K
}
Event: 1079.202 GC heap before
{Heap before GC invocations=24 (full 4):
 PSYoungGen      total 333312K, used 323754K [0x00000000e0000000, 0x00000000fa280000, 0x0000000100000000)
  eden space 281600K, 100% used [0x00000000e0000000,0x00000000f1300000,0x00000000f1300000)
  from space 51712K, 81% used [0x00000000f1300000,0x00000000f3c2a950,0x00000000f4580000)
  to   space 55808K, 0% used [0x00000000f6c00000,0x00000000f6c00000,0x00000000fa280000)
 ParOldGen       total 364544K, used 83749K [0x00000000a0000000, 0x00000000b6400000, 0x00000000e0000000)
  object space 364544K, 22% used [0x00000000a0000000,0x00000000a51c9520,0x00000000b6400000)
 Metaspace       used 115319K, capacity 121220K, committed 121384K, reserved 1155072K
  class space    used 14960K, capacity 16161K, committed 16168K, reserved 1048576K
Event: 1079.251 GC heap after
Heap after GC invocations=24 (full 4):
 PSYoungGen      total 366080K, used 44163K [0x00000000e0000000, 0x00000000fa400000, 0x0000000100000000)
  eden space 310272K, 0% used [0x00000000e0000000,0x00000000e0000000,0x00000000f2f00000)
  from space 55808K, 79% used [0x00000000f6c00000,0x00000000f9720d68,0x00000000fa280000)
  to   space 59904K, 0% used [0x00000000f2f00000,0x00000000f2f00000,0x00000000f6980000)
 ParOldGen       total 364544K, used 83757K [0x00000000a0000000, 0x00000000b6400000, 0x00000000e0000000)
  object space 364544K, 22% used [0x00000000a0000000,0x00000000a51cb520,0x00000000b6400000)
 Metaspace       used 115319K, capacity 121220K, committed 121384K, reserved 1155072K
  class space    used 14960K, capacity 16161K, committed 16168K, reserved 1048576K
}
Event: 1082.909 GC heap before
{Heap before GC invocations=25 (full 4):
 PSYoungGen      total 366080K, used 354435K [0x00000000e0000000, 0x00000000fa400000, 0x0000000100000000)
  eden space 310272K, 100% used [0x00000000e0000000,0x00000000f2f00000,0x00000000f2f00000)
  from space 55808K, 79% used [0x00000000f6c00000,0x00000000f9720d68,0x00000000fa280000)
  to   space 59904K, 0% used [0x00000000f2f00000,0x00000000f2f00000,0x00000000f6980000)
 ParOldGen       total 364544K, used 83757K [0x00000000a0000000, 0x00000000b6400000, 0x00000000e0000000)
  object space 364544K, 22% used [0x00000000a0000000,0x00000000a51cb520,0x00000000b6400000)
 Metaspace       used 115842K, capacity 121804K, committed 122024K, reserved 1155072K
  class space    used 14980K, capacity 16193K, committed 16296K, reserved 1048576K
Event: 1082.953 GC heap after
Heap after GC invocations=25 (full 4):
 PSYoungGen      total 370176K, used 54695K [0x00000000e0000000, 0x00000000fd180000, 0x0000000100000000)
  eden space 310272K, 0% used [0x00000000e0000000,0x00000000e0000000,0x00000000f2f00000)
  from space 59904K, 91% used [0x00000000f2f00000,0x00000000f6469e58,0x00000000f6980000)
  to   space 66560K, 0% used [0x00000000f9080000,0x00000000f9080000,0x00000000fd180000)
 ParOldGen       total 364544K, used 83765K [0x00000000a0000000, 0x00000000b6400000, 0x00000000e0000000)
  object space 364544K, 22% used [0x00000000a0000000,0x00000000a51cd520,0x00000000b6400000)
 Metaspace       used 115842K, capacity 121804K, committed 122024K, reserved 1155072K
  class space    used 14980K, capacity 16193K, committed 16296K, reserved 1048576K
}

